PLINK v1.90b6.24 64-bit (6 Jun 2021)
Options in effect:
  --bfile MGB_100_1000
  --out MGB_100_1000
  --recode A

Hostname: carter-cn-03
Working directory: /mnt/beegfs/users/aklie/cagi6-prs-docker/data/sample
Start time: Tue Sep 21 23:17:04 2021

Random number seed: 1632291424
515875 MB RAM detected; reserving 257937 MB for main workspace.
1000 variants loaded from .bim file.
100 people (30 males, 70 females) loaded from .fam.
Using 1 thread (no multithreaded calculations invoked).
Before main variant filters, 100 founders and 0 nonfounders present.
Calculating allele frequencies... done.
Total genotyping rate is exactly 1.
1000 variants and 100 people pass filters and QC.
Note: No phenotypes present.
--recode A to MGB_100_1000.raw ... done.

End time: Tue Sep 21 23:17:04 2021
